Started at Mon May 30 22:24:18 IST 2022
Processing 2241pmjob
Offering 2241pmjob to Project Build Discarder
Processing job1
Offering job1 to Project Build Discarder
Processing job2
Offering job2 to Project Build Discarder
Processing job3
Offering job3 to Project Build Discarder
Finished at Mon May 30 22:24:18 IST 2022. 15ms
Started at Mon May 30 23:24:18 IST 2022
Processing 2241pmjob
Offering 2241pmjob to Project Build Discarder
Processing job1
Offering job1 to Project Build Discarder
Processing job2
Offering job2 to Project Build Discarder
Processing job3
Offering job3 to Project Build Discarder
Finished at Mon May 30 23:24:18 IST 2022. 14ms
Started at Tue May 31 08:25:19 IST 2022
Processing 2241pmjob
Offering 2241pmjob to Project Build Discarder
Processing job1
Offering job1 to Project Build Discarder
Processing job2
Offering job2 to Project Build Discarder
Processing job3
Offering job3 to Project Build Discarder
Finished at Tue May 31 08:25:19 IST 2022. 5ms
Started at Tue May 31 09:24:17 IST 2022
Processing 2241pmjob
Offering 2241pmjob to Project Build Discarder
Processing job1
Offering job1 to Project Build Discarder
Processing job2
Offering job2 to Project Build Discarder
Processing job3
Offering job3 to Project Build Discarder
Finished at Tue May 31 09:24:17 IST 2022. 0ms
